c:\users\jeffrey\desktop\school\cpe 476\cpe476\lab01\lab01.dir\debug\vc140.pdb
c:\users\jeffrey\desktop\school\cpe 476\cpe476\lab01\lab01.dir\debug\thing.obj
c:\users\jeffrey\desktop\school\cpe 476\cpe476\lab01\lab01.dir\debug\stuff.obj
c:\users\jeffrey\desktop\school\cpe 476\cpe476\lab01\lab01.dir\debug\place.obj
c:\users\jeffrey\desktop\school\cpe 476\cpe476\lab01\lab01.dir\debug\main.obj
c:\users\jeffrey\desktop\school\cpe 476\cpe476\lab01\lab01.dir\debug\jsoncpp.obj
c:\users\jeffrey\desktop\school\cpe 476\cpe476\lab01\lab01.dir\debug\camera.obj
c:\users\jeffrey\desktop\school\cpe 476\cpe476\lab01\lab01.dir\debug\shape.obj
c:\users\jeffrey\desktop\school\cpe 476\cpe476\lab01\lab01.dir\debug\program.obj
c:\users\jeffrey\desktop\school\cpe 476\cpe476\lab01\lab01.dir\debug\matrixstack.obj
c:\users\jeffrey\desktop\school\cpe 476\cpe476\lab01\lab01.dir\debug\glsl.obj
c:\users\jeffrey\desktop\school\cpe 476\cpe476\lab01\lab01.dir\debug\gameobj.obj
c:\users\jeffrey\desktop\school\cpe 476\cpe476\lab01\lab01.dir\debug\worldobj.obj
c:\users\jeffrey\desktop\school\cpe 476\cpe476\lab01\lab01.dir\debug\bunnygameobj.obj
c:\users\jeffrey\desktop\school\cpe 476\cpe476\lab01\cmakefiles\generate.stamp
c:\users\jeffrey\desktop\school\cpe 476\cpe476\lab01\debug\lab01.ilk
c:\users\jeffrey\desktop\school\cpe 476\cpe476\lab01\debug\lab01.exe
c:\users\jeffrey\desktop\school\cpe 476\cpe476\lab01\debug\lab01.pdb
c:\users\jeffrey\desktop\school\cpe 476\cpe476\lab01\lab01.dir\debug\lab01.res
c:\users\jeffrey\desktop\school\cpe 476\cpe476\lab01\lab01.dir\debug\lab01.vcxprojresolveassemblyreference.cache
c:\users\jeffrey\desktop\school\cpe 476\cpe476\lab01\lab01.dir\debug\lab01.tlog\cl.command.1.tlog
c:\users\jeffrey\desktop\school\cpe 476\cpe476\lab01\lab01.dir\debug\lab01.tlog\cl.read.1.tlog
c:\users\jeffrey\desktop\school\cpe 476\cpe476\lab01\lab01.dir\debug\lab01.tlog\cl.write.1.tlog
c:\users\jeffrey\desktop\school\cpe 476\cpe476\lab01\lab01.dir\debug\lab01.tlog\custombuild.command.1.tlog
c:\users\jeffrey\desktop\school\cpe 476\cpe476\lab01\lab01.dir\debug\lab01.tlog\custombuild.read.1.tlog
c:\users\jeffrey\desktop\school\cpe 476\cpe476\lab01\lab01.dir\debug\lab01.tlog\custombuild.write.1.tlog
c:\users\jeffrey\desktop\school\cpe 476\cpe476\lab01\lab01.dir\debug\lab01.tlog\link.command.1.tlog
c:\users\jeffrey\desktop\school\cpe 476\cpe476\lab01\lab01.dir\debug\lab01.tlog\link.read.1.tlog
c:\users\jeffrey\desktop\school\cpe 476\cpe476\lab01\lab01.dir\debug\lab01.tlog\link.write.1.tlog
c:\users\jeffrey\desktop\school\cpe 476\cpe476\lab01\lab01.dir\debug\lab01.tlog\rc.command.1.tlog
c:\users\jeffrey\desktop\school\cpe 476\cpe476\lab01\lab01.dir\debug\lab01.tlog\rc.read.1.tlog
c:\users\jeffrey\desktop\school\cpe 476\cpe476\lab01\lab01.dir\debug\lab01.tlog\rc.write.1.tlog
