  Building Custom Rule C:/Users/Jeffrey/Desktop/School/CPE 476/CPE476/Lab01/CMakeLists.txt
  CMake does not need to re-run because C:\Users\Jeffrey\Desktop\School\CPE 476\CPE476\Lab01\CMakeFiles\generate.stamp is up-to-date.
  GLSL.cpp
C:\Users\Jeffrey\Desktop\School\CPE 476\CPE476\Lab01\src\GLSL.cpp(104): warning C4996: 'sscanf': This function or variable may be unsafe. Consider using sscanf_s instead. To disable deprecation, use _CRT_SECURE_NO_WARNINGS. See online help for details.
  C:\Program Files (x86)\Windows Kits\10\Include\10.0.10240.0\ucrt\stdio.h(2254): note: see declaration of 'sscanf'
C:\Users\Jeffrey\Desktop\School\CPE 476\CPE476\Lab01\src\GLSL.cpp(119): warning C4996: 'fopen': This function or variable may be unsafe. Consider using fopen_s instead. To disable deprecation, use _CRT_SECURE_NO_WARNINGS. See online help for details.
  C:\Program Files (x86)\Windows Kits\10\Include\10.0.10240.0\ucrt\stdio.h(205): note: see declaration of 'fopen'
C:\Users\Jeffrey\Desktop\School\CPE 476\CPE476\Lab01\src\GLSL.cpp(142): warning C4996: 'fopen': This function or variable may be unsafe. Consider using fopen_s instead. To disable deprecation, use _CRT_SECURE_NO_WARNINGS. See online help for details.
  C:\Program Files (x86)\Windows Kits\10\Include\10.0.10240.0\ucrt\stdio.h(205): note: see declaration of 'fopen'
  MatrixStack.cpp
  Program.cpp
  Shape.cpp
C:\Users\Jeffrey\Desktop\School\CPE 476\CPE476\Lab01\src\Shape.cpp(49): warning C4305: 'initializing': truncation from 'double' to 'float'
C:\Users\Jeffrey\Desktop\School\CPE 476\CPE476\Lab01\src\Shape.cpp(80): warning C4244: '=': conversion from 'double' to 'float', possible loss of data
C:\Users\Jeffrey\Desktop\School\CPE 476\CPE476\Lab01\src\Shape.cpp(81): warning C4244: '=': conversion from 'double' to 'float', possible loss of data
C:\Users\Jeffrey\Desktop\School\CPE 476\CPE476\Lab01\src\Shape.cpp(82): warning C4244: '=': conversion from 'double' to 'float', possible loss of data
C:\Users\Jeffrey\Desktop\School\CPE 476\CPE476\Lab01\src\Shape.cpp(83): warning C4244: '=': conversion from 'double' to 'float', possible loss of data
C:\Users\Jeffrey\Desktop\School\CPE 476\CPE476\Lab01\src\Shape.cpp(84): warning C4244: '=': conversion from 'double' to 'float', possible loss of data
C:\Users\Jeffrey\Desktop\School\CPE 476\CPE476\Lab01\src\Shape.cpp(85): warning C4244: '=': conversion from 'double' to 'float', possible loss of data
  camera.cpp
C:\Users\Jeffrey\Desktop\School\CPE 476\CPE476\Lab01\src\camera.cpp(21): warning C4305: 'initializing': truncation from 'double' to 'float'
C:\Users\Jeffrey\Desktop\School\CPE 476\CPE476\Lab01\src\camera.cpp(64): warning C4244: '=': conversion from 'double' to 'float', possible loss of data
C:\Users\Jeffrey\Desktop\School\CPE 476\CPE476\Lab01\src\camera.cpp(65): warning C4244: '=': conversion from 'double' to 'float', possible loss of data
C:\Users\Jeffrey\Desktop\School\CPE 476\CPE476\Lab01\src\camera.cpp(67): warning C4244: '+=': conversion from 'double' to 'float', possible loss of data
C:\Users\Jeffrey\Desktop\School\CPE 476\CPE476\Lab01\src\camera.cpp(69): warning C4244: 'initializing': conversion from 'double' to 'float', possible loss of data
C:\Users\Jeffrey\Desktop\School\CPE 476\CPE476\Lab01\src\camera.cpp(74): warning C4244: '=': conversion from 'double' to 'float', possible loss of data
C:\Users\Jeffrey\Desktop\School\CPE 476\CPE476\Lab01\src\camera.cpp(75): warning C4244: '=': conversion from 'double' to 'float', possible loss of data
C:\Users\Jeffrey\Desktop\School\CPE 476\CPE476\Lab01\src\camera.cpp(83): warning C4244: '=': conversion from 'double' to 'float', possible loss of data
  jsoncpp.cpp
  main.cpp
C:\Users\Jeffrey\Desktop\School\CPE 476\CPE476\Lab01\src\main.cpp(97): warning C4244: 'argument': conversion from 'time_t' to 'unsigned int', possible loss of data
C:\Users\Jeffrey\Desktop\School\CPE 476\CPE476\Lab01\src\main.cpp(99): warning C4244: '=': conversion from 'int' to 'float', possible loss of data
C:\Users\Jeffrey\Desktop\School\CPE 476\CPE476\Lab01\src\main.cpp(100): warning C4244: '=': conversion from 'int' to 'float', possible loss of data
C:\Users\Jeffrey\Desktop\School\CPE 476\CPE476\Lab01\src\main.cpp(101): warning C4244: '=': conversion from 'int' to 'float', possible loss of data
C:\Users\Jeffrey\Desktop\School\CPE 476\CPE476\Lab01\src\main.cpp(102): warning C4244: '=': conversion from 'int' to 'float', possible loss of data
  place.cpp
C:\Users\Jeffrey\Desktop\School\CPE 476\CPE476\Lab01\src\place.cpp(38): warning C4018: '<': signed/unsigned mismatch
C:\Users\Jeffrey\Desktop\School\CPE 476\CPE476\Lab01\src\place.cpp(50): warning C4018: '<': signed/unsigned mismatch
C:\Users\Jeffrey\Desktop\School\CPE 476\CPE476\Lab01\src\place.cpp(59): warning C4018: '<': signed/unsigned mismatch
  stuff.cpp
C:\Users\Jeffrey\Desktop\School\CPE 476\CPE476\Lab01\src\stuff.cpp(21): warning C4018: '<': signed/unsigned mismatch
C:\Users\Jeffrey\Desktop\School\CPE 476\CPE476\Lab01\src\stuff.cpp(16): warning C4996: 'Json::Reader::getFormatedErrorMessages': Use getFormattedErrorMessages() instead.
  c:\users\jeffrey\desktop\school\cpe 476\cpe476\lab01\src\json/json.h(1433): note: see declaration of 'Json::Reader::getFormatedErrorMessages'
C:\Users\Jeffrey\Desktop\School\CPE 476\CPE476\Lab01\src\stuff.cpp(30): warning C4996: 'Json::Reader::getFormatedErrorMessages': Use getFormattedErrorMessages() instead.
  c:\users\jeffrey\desktop\school\cpe 476\cpe476\lab01\src\json/json.h(1433): note: see declaration of 'Json::Reader::getFormatedErrorMessages'
C:\Users\Jeffrey\Desktop\School\CPE 476\CPE476\Lab01\src\stuff.cpp(58): warning C4305: 'argument': truncation from 'double' to 'GLfloat'
C:\Users\Jeffrey\Desktop\School\CPE 476\CPE476\Lab01\src\stuff.cpp(59): warning C4305: 'argument': truncation from 'double' to 'GLfloat'
C:\Users\Jeffrey\Desktop\School\CPE 476\CPE476\Lab01\src\stuff.cpp(60): warning C4305: 'argument': truncation from 'double' to 'GLfloat'
C:\Users\Jeffrey\Desktop\School\CPE 476\CPE476\Lab01\src\stuff.cpp(64): warning C4305: 'argument': truncation from 'double' to 'GLfloat'
C:\Users\Jeffrey\Desktop\School\CPE 476\CPE476\Lab01\src\stuff.cpp(65): warning C4305: 'argument': truncation from 'double' to 'GLfloat'
C:\Users\Jeffrey\Desktop\School\CPE 476\CPE476\Lab01\src\stuff.cpp(66): warning C4305: 'argument': truncation from 'double' to 'GLfloat'
C:\Users\Jeffrey\Desktop\School\CPE 476\CPE476\Lab01\src\stuff.cpp(70): warning C4305: 'argument': truncation from 'double' to 'GLfloat'
C:\Users\Jeffrey\Desktop\School\CPE 476\CPE476\Lab01\src\stuff.cpp(71): warning C4305: 'argument': truncation from 'double' to 'GLfloat'
C:\Users\Jeffrey\Desktop\School\CPE 476\CPE476\Lab01\src\stuff.cpp(72): warning C4305: 'argument': truncation from 'double' to 'GLfloat'
C:\Users\Jeffrey\Desktop\School\CPE 476\CPE476\Lab01\src\stuff.cpp(73): warning C4305: 'argument': truncation from 'double' to 'GLfloat'
C:\Users\Jeffrey\Desktop\School\CPE 476\CPE476\Lab01\src\stuff.cpp(76): warning C4305: 'argument': truncation from 'double' to 'GLfloat'
C:\Users\Jeffrey\Desktop\School\CPE 476\CPE476\Lab01\src\stuff.cpp(77): warning C4305: 'argument': truncation from 'double' to 'GLfloat'
C:\Users\Jeffrey\Desktop\School\CPE 476\CPE476\Lab01\src\stuff.cpp(78): warning C4305: 'argument': truncation from 'double' to 'GLfloat'
C:\Users\Jeffrey\Desktop\School\CPE 476\CPE476\Lab01\src\stuff.cpp(79): warning C4305: 'argument': truncation from 'double' to 'GLfloat'
C:\Users\Jeffrey\Desktop\School\CPE 476\CPE476\Lab01\src\stuff.cpp(82): warning C4305: 'argument': truncation from 'double' to 'GLfloat'
C:\Users\Jeffrey\Desktop\School\CPE 476\CPE476\Lab01\src\stuff.cpp(83): warning C4305: 'argument': truncation from 'double' to 'GLfloat'
C:\Users\Jeffrey\Desktop\School\CPE 476\CPE476\Lab01\src\stuff.cpp(84): warning C4305: 'argument': truncation from 'double' to 'GLfloat'
C:\Users\Jeffrey\Desktop\School\CPE 476\CPE476\Lab01\src\stuff.cpp(85): warning C4305: 'argument': truncation from 'double' to 'GLfloat'
  thing.cpp
  Generating Code...
LINK : warning LNK4098: defaultlib 'LIBCMT' conflicts with use of other libs; use /NODEFAULTLIB:library
  Lab01.vcxproj -> C:\Users\Jeffrey\Desktop\School\CPE 476\CPE476\Lab01\Release\Lab01.exe
